<-= 1 =->
ordno = 1011
dollars = 450.00
ordno = 1013
dollars = 880.00
ordno = 1015
dollars = 1104.00
ordno = 1016
dollars = 500.00
ordno = 1017
dollars = 540.00
ordno = 1018
dollars = 540.00
ordno = 1019
dollars = 180.00
ordno = 1020
dollars = 600.00
ordno = 1021
dollars = 460.00
ordno = 1022
dollars = 720.00
ordno = 1023
dollars = 450.00
ordno = 1024
dollars = 400.00
ordno = 1025
dollars = 720.00
ordno = 1026
dollars = 740.00
<-= 2 =->
name = Smith
city = New York
name = Smith
city = Dallas
<-= 3 =->
pid = p05
name = pencil
priceusd = 1.00
<-= 4 =->
name = Basics
city = Dallas
name = Allied
city = Dallas
<-= 5 =->
name = Jones
name = Otasi
name = Smith
name = Bond
<-= 6 =->
pid = p07
name = case
city = Newark
quantity = 100500
priceusd = 1.00
pid = p08
name = clip
city = Newark
quantity = 200600
priceusd = 1.25
<-= 7 =->
Oh no, there was an error!
ERROR:  column "month" does not exist
LINE 1:  SELECT * FROM orders WHERE month = 'Janurary' or month='Feb...
                                    ^

<-= 8 =->
ordno = 1019
mon = feb
cid = c001
aid = a02
pid = p02
qty = 400
dollars = 180.00
ordno = 1021
mon = feb
cid = c004
aid = a06
pid = p01
qty = 1000
dollars = 460.00
<-= 9 =->
cid = c005
name = Weyland-Yutani
city = Acheron
discount = 0.00
<-= end =->
