<-= 1 =->
city = Tokyo
city = Duluth
<-= 2 =->
pid = p01
pid = p01
pid = p03
<-= 3 =->
cid = c001
name = Tiptop
cid = c002
name = Basics
cid = c003
name = Allied
cid = c004
name = ACME
cid = c006
name = ACME
<-= 4 =->
cid = c001
cid = c006
<-= 5 =->
pid = p07
pid = p06
pid = p05
pid = p04
pid = p03
pid = p02
pid = p01
<-= 6 =->
name = Tiptop
city = Duluth
discount = 10.00
name = ACME
city = Kyoto
discount = 0.00
<-= 7 =->
cid = c002
name = Basics
city = Dallas
discount = 12.00
cid = c003
name = Allied
city = Dallas
discount = 8.00
cid = c004
name = ACME
city = Duluth
discount = 8.00
<-= end =->
