<-= 1 =->
name = Basics
city = Dallas
name = Allied
city = Dallas
<-= 2 =->
name = folder
priceusd = 2.00
name = clip
priceusd = 1.25
<-= 3 =->
name = Allied
pid = p05
dollars = 1104.00
name = Basics
pid = p03
dollars = 880.00
name = Basics
pid = p03
dollars = 740.00
name = Tiptop
pid = p06
dollars = 720.00
name = Tiptop
pid = p07
dollars = 720.00
name = ACME
pid = p07
dollars = 600.00
name = Tiptop
pid = p03
dollars = 540.00
name = Tiptop
pid = p04
dollars = 540.00
name = ACME
pid = p01
dollars = 500.00
name = ACME
pid = p01
dollars = 460.00
name = Tiptop
pid = p05
dollars = 450.00
name = Tiptop
pid = p01
dollars = 450.00
name = ACME
pid = p01
dollars = 400.00
name = Tiptop
pid = p02
dollars = 180.00
<-= 4 =->
name = Allied
totalqty = 1200
name = Weyland-Yutani
totalqty = 0
name = Basics
totalqty = 1800
name = Tiptop
totalqty = 4300
name = ACME
totalqty = 3400
<-= 5 =->
customername = Basics
productname = razor
agentname = Brown
agentcity = Tokyo
customername = Allied
productname = pencil
agentname = Brown
agentcity = Tokyo
customername = Tiptop
productname = pen
agentname = Brown
agentcity = Tokyo
customername = ACME
productname = case
agentname = Brown
agentcity = Tokyo
<-= 6 =->
ordno = 1026
mon = may
cid = c002
aid = a05
pid = p03
qty = 800
dollars = 740.00
truedollars = 704.0000000000000000000000
<-= end =->
